PI_FATEC_OSASCO_2024-2/app/build/intermediates/manifest_merge_blame_file/debug/processDebugMainManifest/manifest-merger-blame-debug-report.txt
1<?xml version="1.0" encoding="utf-8"?>
2<manifest xmlns:android="http://schemas.android.com/apk/res/android"
3    package="com.fatecosasco.zedamanga"
4    android:versionCode="1"
5    android:versionName="1.0" >
6
7    <uses-sdk
8        android:minSdkVersion="24"
9        android:targetSdkVersion="34" />
10
11    <permission
11-->[androidx.core:core:1.13.0] AndroidManifest.xml:22:5-24:47
12        android:name="com.fatecosasco.zedamanga.DYNAMIC_RECEIVER_NOT_EXPORTED_PERMISSION"
12-->[androidx.core:core:1.13.0] AndroidManifest.xml:23:9-81
13        android:protectionLevel="signature" />
13-->[androidx.core:core:1.13.0] AndroidManifest.xml:24:9-44
14
15    <uses-permission android:name="com.fatecosasco.zedamanga.DYNAMIC_RECEIVER_NOT_EXPORTED_PERMISSION" />
15-->[androidx.core:core:1.13.0] AndroidManifest.xml:26:5-97
15-->[androidx.core:core:1.13.0] AndroidManifest.xml:26:22-94
16
17    <application
17-->src\main\AndroidManifest.xml:5:5-44:19
18        android:allowBackup="true"
18-->src\main\AndroidManifest.xml:6:9-35
19        android:appComponentFactory="androidx.core.app.CoreComponentFactory"
19-->[androidx.core:core:1.13.0] AndroidManifest.xml:28:18-86
20        android:dataExtractionRules="@xml/data_extraction_rules"
20-->src\main\AndroidManifest.xml:7:9-65
21        android:debuggable="true"
22        android:extractNativeLibs="false"
23        android:fullBackupContent="@xml/backup_rules"
23-->src\main\AndroidManifest.xml:8:9-54
24        android:icon="@mipmap/ic_launcher"
24-->src\main\AndroidManifest.xml:9:9-43
25        android:label="@string/app_name"
25-->src\main\AndroidManifest.xml:10:9-41
26        android:roundIcon="@mipmap/ic_launcher_round"
26-->src\main\AndroidManifest.xml:11:9-54
27        android:supportsRtl="true"
27-->src\main\AndroidManifest.xml:12:9-35
28        android:testOnly="true"
29        android:theme="@style/Theme.ZeDaManga" >
29-->src\main\AndroidManifest.xml:13:9-47
30        <activity
30-->src\main\AndroidManifest.xml:15:9-23:20
31            android:name="com.fatecosasco.zedamanga.ZMActivity"
31-->src\main\AndroidManifest.xml:16:13-39
32            android:exported="true" >
32-->src\main\AndroidManifest.xml:17:13-36
33            <intent-filter>
33-->src\main\AndroidManifest.xml:18:13-22:29
34                <action android:name="android.intent.action.MAIN" />
34-->src\main\AndroidManifest.xml:19:17-69
34-->src\main\AndroidManifest.xml:19:25-66
35
36                <category android:name="android.intent.category.LAUNCHER" />
36-->src\main\AndroidManifest.xml:21:17-77
36-->src\main\AndroidManifest.xml:21:27-74
37            </intent-filter>
38        </activity>
39        <activity android:name="com.fatecosasco.zedamanga.EntrarActivity" />
39-->src\main\AndroidManifest.xml:24:9-52
39-->src\main\AndroidManifest.xml:24:19-49
40        <activity android:name="com.fatecosasco.zedamanga.CadastrarActivity" />
40-->src\main\AndroidManifest.xml:25:9-64
40-->src\main\AndroidManifest.xml:25:19-52
41        <activity android:name="com.fatecosasco.zedamanga.NvEndeActivity" />
41-->src\main\AndroidManifest.xml:26:9-52
41-->src\main\AndroidManifest.xml:26:19-49
42        <activity android:name="com.fatecosasco.zedamanga.CLPerfilActivity" />
42-->src\main\AndroidManifest.xml:27:9-63
42-->src\main\AndroidManifest.xml:27:19-51
43        <activity android:name="com.fatecosasco.zedamanga.CLHistoricoPedidosActivity" />
43-->src\main\AndroidManifest.xml:28:9-64
43-->src\main\AndroidManifest.xml:28:19-61
44        <activity android:name="com.fatecosasco.zedamanga.CLPerfil2Activity" />
44-->src\main\AndroidManifest.xml:29:9-55
44-->src\main\AndroidManifest.xml:29:19-52
45        <activity android:name="com.fatecosasco.zedamanga.PRPerfil2Activity" />
45-->src\main\AndroidManifest.xml:30:9-55
45-->src\main\AndroidManifest.xml:30:19-52
46        <activity android:name="com.fatecosasco.zedamanga.PRPerfilActivity" />
46-->src\main\AndroidManifest.xml:31:9-54
46-->src\main\AndroidManifest.xml:31:19-51
47        <activity android:name="com.fatecosasco.zedamanga.PRPedidosHomeActivityINATIVADA" />
47-->src\main\AndroidManifest.xml:32:9-68
47-->src\main\AndroidManifest.xml:32:19-65
48        <activity android:name="com.fatecosasco.zedamanga.PR_02_pedidos_home" />
48-->src\main\AndroidManifest.xml:33:9-56
48-->src\main\AndroidManifest.xml:33:19-53
49        <activity android:name="com.fatecosasco.zedamanga.PR_03_1_det_pedido" />
49-->src\main\AndroidManifest.xml:34:9-56
49-->src\main\AndroidManifest.xml:34:19-53
50        <activity android:name="com.fatecosasco.zedamanga.PR_03_2_det_pedido" />
50-->src\main\AndroidManifest.xml:35:9-56
50-->src\main\AndroidManifest.xml:35:19-53
51        <activity android:name="com.fatecosasco.zedamanga.PR_03_3_det_pedido" />
51-->src\main\AndroidManifest.xml:36:9-56
51-->src\main\AndroidManifest.xml:36:19-53
52        <activity android:name="com.fatecosasco.zedamanga.CL_04_1_produtos" />
52-->src\main\AndroidManifest.xml:37:9-54
52-->src\main\AndroidManifest.xml:37:19-51
53        <activity android:name="com.fatecosasco.zedamanga.CL_04_2_carrinho" />
53-->src\main\AndroidManifest.xml:38:9-54
53-->src\main\AndroidManifest.xml:38:19-51
54        <activity android:name="com.fatecosasco.zedamanga.CL_06_metodo_pagamento" />
54-->src\main\AndroidManifest.xml:39:9-60
54-->src\main\AndroidManifest.xml:39:19-57
55        <activity android:name="com.fatecosasco.zedamanga.ConfPediActivity" />
55-->src\main\AndroidManifest.xml:40:9-54
55-->src\main\AndroidManifest.xml:40:19-51
56
57        <provider
57-->[androidx.emoji2:emoji2:1.3.0] AndroidManifest.xml:24:9-32:20
58            android:name="androidx.startup.InitializationProvider"
58-->[androidx.emoji2:emoji2:1.3.0] AndroidManifest.xml:25:13-67
59            android:authorities="com.fatecosasco.zedamanga.androidx-startup"
59-->[androidx.emoji2:emoji2:1.3.0] AndroidManifest.xml:26:13-68
60            android:exported="false" >
60-->[androidx.emoji2:emoji2:1.3.0] AndroidManifest.xml:27:13-37
61            <meta-data
61-->[androidx.emoji2:emoji2:1.3.0] AndroidManifest.xml:29:13-31:52
62                android:name="androidx.emoji2.text.EmojiCompatInitializer"
62-->[androidx.emoji2:emoji2:1.3.0] AndroidManifest.xml:30:17-75
63                android:value="androidx.startup" />
63-->[androidx.emoji2:emoji2:1.3.0] AndroidManifest.xml:31:17-49
64            <meta-data
64-->[androidx.lifecycle:lifecycle-process:2.6.2] AndroidManifest.xml:29:13-31:52
65                android:name="androidx.lifecycle.ProcessLifecycleInitializer"
65-->[androidx.lifecycle:lifecycle-process:2.6.2] AndroidManifest.xml:30:17-78
66                android:value="androidx.startup" />
66-->[androidx.lifecycle:lifecycle-process:2.6.2] AndroidManifest.xml:31:17-49
67            <meta-data
67-->[androidx.profileinstaller:profileinstaller:1.3.1] AndroidManifest.xml:29:13-31:52
68                android:name="androidx.profileinstaller.ProfileInstallerInitializer"
68-->[androidx.profileinstaller:profileinstaller:1.3.1] AndroidManifest.xml:30:17-85
69                android:value="androidx.startup" />
69-->[androidx.profileinstaller:profileinstaller:1.3.1] AndroidManifest.xml:31:17-49
70        </provider>
71
72        <receiver
72-->[androidx.profileinstaller:profileinstaller:1.3.1] AndroidManifest.xml:34:9-52:20
73            android:name="androidx.profileinstaller.ProfileInstallReceiver"
73-->[androidx.profileinstaller:profileinstaller:1.3.1] AndroidManifest.xml:35:13-76
74            android:directBootAware="false"
74-->[androidx.profileinstaller:profileinstaller:1.3.1] AndroidManifest.xml:36:13-44
75            android:enabled="true"
75-->[androidx.profileinstaller:profileinstaller:1.3.1] AndroidManifest.xml:37:13-35
76            android:exported="true"
76-->[androidx.profileinstaller:profileinstaller:1.3.1] AndroidManifest.xml:38:13-36
77            android:permission="android.permission.DUMP" >
77-->[androidx.profileinstaller:profileinstaller:1.3.1] AndroidManifest.xml:39:13-57
78            <intent-filter>
78-->[androidx.profileinstaller:profileinstaller:1.3.1] AndroidManifest.xml:40:13-42:29
79                <action android:name="androidx.profileinstaller.action.INSTALL_PROFILE" />
79-->[androidx.profileinstaller:profileinstaller:1.3.1] AndroidManifest.xml:41:17-91
79-->[androidx.profileinstaller:profileinstaller:1.3.1] AndroidManifest.xml:41:25-88
80            </intent-filter>
81            <intent-filter>
81-->[androidx.profileinstaller:profileinstaller:1.3.1] AndroidManifest.xml:43:13-45:29
82                <action android:name="androidx.profileinstaller.action.SKIP_FILE" />
82-->[androidx.profileinstaller:profileinstaller:1.3.1] AndroidManifest.xml:44:17-85
82-->[androidx.profileinstaller:profileinstaller:1.3.1] AndroidManifest.xml:44:25-82
83            </intent-filter>
84            <intent-filter>
84-->[androidx.profileinstaller:profileinstaller:1.3.1] AndroidManifest.xml:46:13-48:29
85                <action android:name="androidx.profileinstaller.action.SAVE_PROFILE" />
85-->[androidx.profileinstaller:profileinstaller:1.3.1] AndroidManifest.xml:47:17-88
85-->[androidx.profileinstaller:profileinstaller:1.3.1] AndroidManifest.xml:47:25-85
86            </intent-filter>
87            <intent-filter>
87-->[androidx.profileinstaller:profileinstaller:1.3.1] AndroidManifest.xml:49:13-51:29
88                <action android:name="androidx.profileinstaller.action.BENCHMARK_OPERATION" />
88-->[androidx.profileinstaller:profileinstaller:1.3.1] AndroidManifest.xml:50:17-95
88-->[androidx.profileinstaller:profileinstaller:1.3.1] AndroidManifest.xml:50:25-92
89            </intent-filter>
90        </receiver>
91    </application>
92
93</manifest>